<?xml version="1.0" encoding="UTF-8"?>
<!-- Generated by org.testng.reporters.JUnitReportReporter -->
<testsuite hostname="HB-laptops-025" failures="0" tests="1" name="firstPackage.Firsttestng" time="0.012" errors="0" timestamp="2021-06-21T17:43:39 EDT" skipped="0">
  <testcase classname="firstPackage.Firsttestng" name="firsttestase" time="0.012"/>
  <system-out/>
</testsuite> <!-- firstPackage.Firsttestng -->
